build/app/outputs/mapping/release/mapping.txt
# compiler: R8
# compiler_version: 1.5.64
# min_api: 21
# pg_map_id: edf3e54
com.example.test2.MainActivity -> com.example.test2.MainActivity:
    void configureFlutterEngine(io.flutter.embedding.engine.FlutterEngine) -> b
...
androidx.vectordrawable.graphics.drawable.VectorDrawableCompat$VPathRenderer -> a.l.a.a.i$g:
    android.graphics.Path mPath -> a
    float mViewportHeight -> l
    float mViewportWidth -> k
    float mBaseHeight -> j
    androidx.vectordrawable.graphics.drawable.VectorDrawableCompat$VGroup mRootGroup -> h
    float mBaseWidth -> i
    int mRootAlpha -> m
    java.lang.Boolean mIsStateful -> o
    int mChangingConfigurations -> g
    java.lang.String mRootName -> n
    android.graphics.Matrix IDENTITY_MATRIX -> q
    android.graphics.Path mRenderPath -> b
    androidx.collection.ArrayMap mVGTargetsMap -> p
    android.graphics.PathMeasure mPathMeasure -> f
    android.graphics.Paint mFillPaint -> e
    android.graphics.Paint mStrokePaint -> d
    android.graphics.Matrix mFinalPathMatrix -> c
    float cross(float,float,float,float) -> a
    void draw(android.graphics.Canvas,int,int,android.graphics.ColorFilter) -> a
    void drawGroupTree(androidx.vectordrawable.graphics.drawable.VectorDrawableCompat$VGroup,android.graphics.Matrix,android.graphics.Canvas,int,int,android.graphics.ColorFilter) -> a
    void drawPath(androidx.vectordrawable.graphics.drawable.VectorDrawableCompat$VGroup,androidx.vectordrawable.graphics.drawable.VectorDrawableCompat$VPath,android.graphics.Canvas,int,int,android.graphics.ColorFilter) -> a
    float getMatrixScale(android.graphics.Matrix) -> a
    boolean isStateful() -> a
    boolean onStateChanged(int[]) -> a
androidx.vectordrawable.graphics.drawable.VectorDrawableCompat$VectorDrawableCompatState -> a.l.a.a.i$h:
    android.content.res.ColorStateList mTint -> c
    boolean mCachedAutoMirrored -> j
    android.graphics.PorterDuff$Mode mCachedTintMode -> h
    boolean mCacheDirty -> k
    int mCachedRootAlpha -> i
    androidx.vectordrawable.graphics.drawable.VectorDrawableCompat$VPathRenderer mVPathRenderer -> b
    boolean mAutoMirrored -> e
    android.graphics.Bitmap mCachedBitmap -> f
    android.content.res.ColorStateList mCachedTint -> g
    android.graphics.PorterDuff$Mode mTintMode -> d
    android.graphics.Paint mTempPaint -> l
    int mChangingConfigurations -> a
    boolean canReuseBitmap(int,int) -> a
    boolean canReuseCache() -> a
    void drawCachedBitmapWithRootAlpha(android.graphics.Canvas,android.graphics.ColorFilter,android.graphics.Rect) -> a
    android.graphics.Paint getPaint(android.graphics.ColorFilter) -> a
    boolean onStateChanged(int[]) -> a
    void createCachedBitmapIfNeeded(int,int) -> b
    boolean hasTranslucentRoot() -> b
    boolean isStateful() -> c
    void updateCachedBitmap(int,int) -> c
    void updateCacheStates() -> d
androidx.vectordrawable.graphics.drawable.VectorDrawableCompat$VectorDrawableDelegateState -> a.l.a.a.i$i:
    android.graphics.drawable.Drawable$ConstantState mDelegateState -> a
androidx.versionedparcelable.ParcelImpl -> androidx.versionedparcelable.ParcelImpl:
    androidx.versionedparcelable.VersionedParcelable mParcel -> b
androidx.versionedparcelable.ParcelImpl$1 -> androidx.versionedparcelable.ParcelImpl$a: